[02-Aug-2013 08:35:19 UTC] PHP Warning:  fopen(installer/log.txt): failed to open stream: Permission denied in /var/www/orangehrm-3.1/installer/ApplicationSetupUtility.php on line 349
[02-Aug-2013 08:35:19 UTC] PHP Warning:  fwrite() expects parameter 1 to be resource, boolean given in /var/www/orangehrm-3.1/installer/ApplicationSetupUtility.php on line 350
[02-Aug-2013 08:35:19 UTC] PHP Warning:  fclose() expects parameter 1 to be resource, boolean given in /var/www/orangehrm-3.1/installer/ApplicationSetupUtility.php on line 351
[02-Aug-2013 08:35:19 UTC] PHP Warning:  error_log(installer/log.txt): failed to open stream: Permission denied in /var/www/orangehrm-3.1/installer/ApplicationSetupUtility.php on line 358
[02-Aug-2013 08:35:19 UTC] PHP Warning:  error_log(installer/log.txt): failed to open stream: Permission denied in /var/www/orangehrm-3.1/installer/ApplicationSetupUtility.php on line 360
[02-Aug-2013 08:35:19 UTC] PHP Warning:  error_log(installer/log.txt): failed to open stream: Permission denied in /var/www/orangehrm-3.1/installer/ApplicationSetupUtility.php on line 363
[02-Aug-2013 08:35:49 UTC] PHP Warning:  fopen(installer/log.txt): failed to open stream: Permission denied in /var/www/orangehrm-3.1/installer/ApplicationSetupUtility.php on line 349
[02-Aug-2013 08:35:49 UTC] PHP Warning:  fwrite() expects parameter 1 to be resource, boolean given in /var/www/orangehrm-3.1/installer/ApplicationSetupUtility.php on line 350
[02-Aug-2013 08:35:49 UTC] PHP Warning:  fclose() expects parameter 1 to be resource, boolean given in /var/www/orangehrm-3.1/installer/ApplicationSetupUtility.php on line 351
[02-Aug-2013 08:35:49 UTC] PHP Warning:  error_log(installer/log.txt): failed to open stream: Permission denied in /var/www/orangehrm-3.1/installer/ApplicationSetupUtility.php on line 358
[02-Aug-2013 08:35:49 UTC] PHP Warning:  error_log(installer/log.txt): failed to open stream: Permission denied in /var/www/orangehrm-3.1/installer/ApplicationSetupUtility.php on line 360
[02-Aug-2013 08:35:49 UTC] PHP Warning:  error_log(installer/log.txt): failed to open stream: Permission denied in /var/www/orangehrm-3.1/installer/ApplicationSetupUtility.php on line 363
[02-Aug-2013 08:37:00 UTC] PHP Warning:  fopen(installer/log.txt): failed to open stream: Permission denied in /var/www/orangehrm-3.1/installer/ApplicationSetupUtility.php on line 349
[02-Aug-2013 08:37:00 UTC] PHP Warning:  fwrite() expects parameter 1 to be resource, boolean given in /var/www/orangehrm-3.1/installer/ApplicationSetupUtility.php on line 350
[02-Aug-2013 08:37:00 UTC] PHP Warning:  fclose() expects parameter 1 to be resource, boolean given in /var/www/orangehrm-3.1/installer/ApplicationSetupUtility.php on line 351
[02-Aug-2013 08:37:00 UTC] PHP Warning:  error_log(installer/log.txt): failed to open stream: Permission denied in /var/www/orangehrm-3.1/installer/ApplicationSetupUtility.php on line 358
[02-Aug-2013 08:37:00 UTC] PHP Warning:  error_log(installer/log.txt): failed to open stream: Permission denied in /var/www/orangehrm-3.1/installer/ApplicationSetupUtility.php on line 360
[02-Aug-2013 08:37:00 UTC] PHP Warning:  error_log(installer/log.txt): failed to open stream: Permission denied in /var/www/orangehrm-3.1/installer/ApplicationSetupUtility.php on line 363
[02-Aug-2013 08:37:03 UTC] PHP Warning:  error_log(installer/log.txt): failed to open stream: Permission denied in /var/www/orangehrm-3.1/installer/ApplicationSetupUtility.php on line 371
[02-Aug-2013 08:37:03 UTC] PHP Warning:  error_log(installer/log.txt): failed to open stream: Permission denied in /var/www/orangehrm-3.1/installer/ApplicationSetupUtility.php on line 121
[02-Aug-2013 08:37:03 UTC] PHP Warning:  error_log(installer/log.txt): failed to open stream: Permission denied in /var/www/orangehrm-3.1/installer/ApplicationSetupUtility.php on line 129
[02-Aug-2013 08:37:03 UTC] PHP Warning:  error_log(installer/log.txt): failed to open stream: Permission denied in /var/www/orangehrm-3.1/installer/ApplicationSetupUtility.php on line 130
[02-Aug-2013 08:37:03 UTC] PHP Warning:  error_log(installer/log.txt): failed to open stream: Permission denied in /var/www/orangehrm-3.1/installer/ApplicationSetupUtility.php on line 135
[02-Aug-2013 08:37:03 UTC] PHP Warning:  error_log(installer/log.txt): failed to open stream: Permission denied in /var/www/orangehrm-3.1/installer/ApplicationSetupUtility.php on line 140
[02-Aug-2013 08:37:03 UTC] PHP Warning:  error_log(installer/log.txt): failed to open stream: Permission denied in /var/www/orangehrm-3.1/installer/ApplicationSetupUtility.php on line 145
[02-Aug-2013 08:37:14 UTC] PHP Warning:  error_log(installer/log.txt): failed to open stream: Permission denied in /var/www/orangehrm-3.1/installer/ApplicationSetupUtility.php on line 373
[02-Aug-2013 08:37:14 UTC] PHP Warning:  error_log(installer/log.txt): failed to open stream: Permission denied in /var/www/orangehrm-3.1/installer/ApplicationSetupUtility.php on line 376
[02-Aug-2013 08:37:17 UTC] PHP Warning:  error_log(installer/log.txt): failed to open stream: Permission denied in /var/www/orangehrm-3.1/installer/ApplicationSetupUtility.php on line 383
[02-Aug-2013 08:37:17 UTC] PHP Warning:  error_log(installer/log.txt): failed to open stream: Permission denied in /var/www/orangehrm-3.1/installer/ApplicationSetupUtility.php on line 121
[02-Aug-2013 08:37:17 UTC] PHP Warning:  error_log(installer/log.txt): failed to open stream: Permission denied in /var/www/orangehrm-3.1/installer/ApplicationSetupUtility.php on line 129
[02-Aug-2013 08:37:17 UTC] PHP Warning:  error_log(installer/log.txt): failed to open stream: Permission denied in /var/www/orangehrm-3.1/installer/ApplicationSetupUtility.php on line 130
[02-Aug-2013 08:37:17 UTC] PHP Warning:  error_log(installer/log.txt): failed to open stream: Permission denied in /var/www/orangehrm-3.1/installer/ApplicationSetupUtility.php on line 135
[02-Aug-2013 08:37:17 UTC] PHP Warning:  error_log(installer/log.txt): failed to open stream: Permission denied in /var/www/orangehrm-3.1/installer/ApplicationSetupUtility.php on line 140
[02-Aug-2013 08:37:17 UTC] PHP Warning:  error_log(installer/log.txt): failed to open stream: Permission denied in /var/www/orangehrm-3.1/installer/ApplicationSetupUtility.php on line 145
[02-Aug-2013 08:37:17 UTC] PHP Warning:  error_log(installer/log.txt): failed to open stream: Permission denied in /var/www/orangehrm-3.1/installer/ApplicationSetupUtility.php on line 386
[02-Aug-2013 08:37:17 UTC] PHP Warning:  error_log(installer/log.txt): failed to open stream: Permission denied in /var/www/orangehrm-3.1/installer/ApplicationSetupUtility.php on line 391
[02-Aug-2013 08:37:20 UTC] PHP Warning:  error_log(installer/log.txt): failed to open stream: Permission denied in /var/www/orangehrm-3.1/installer/ApplicationSetupUtility.php on line 399
[02-Aug-2013 08:37:20 UTC] PHP Warning:  error_log(installer/log.txt): failed to open stream: Permission denied in /var/www/orangehrm-3.1/installer/ApplicationSetupUtility.php on line 401
[02-Aug-2013 08:37:20 UTC] PHP Warning:  error_log(installer/log.txt): failed to open stream: Permission denied in /var/www/orangehrm-3.1/installer/ApplicationSetupUtility.php on line 404
[02-Aug-2013 08:37:22 UTC] PHP Warning:  error_log(installer/log.txt): failed to open stream: Permission denied in /var/www/orangehrm-3.1/installer/ApplicationSetupUtility.php on line 411
[02-Aug-2013 08:37:22 UTC] PHP Warning:  error_log(installer/log.txt): failed to open stream: Permission denied in /var/www/orangehrm-3.1/installer/ApplicationSetupUtility.php on line 413
[02-Aug-2013 08:37:22 UTC] PHP Warning:  error_log(installer/log.txt): failed to open stream: Permission denied in /var/www/orangehrm-3.1/installer/ApplicationSetupUtility.php on line 416
[02-Aug-2013 08:37:24 UTC] PHP Warning:  error_log(installer/log.txt): failed to open stream: Permission denied in /var/www/orangehrm-3.1/installer/ApplicationSetupUtility.php on line 423
[02-Aug-2013 08:37:24 UTC] PHP Warning:  error_log(installer/log.txt): failed to open stream: Permission denied in /var/www/orangehrm-3.1/installer/ApplicationSetupUtility.php on line 426
[02-Aug-2013 08:37:24 UTC] PHP Warning:  error_log(installer/log.txt): failed to open stream: Permission denied in /var/www/orangehrm-3.1/installer/ApplicationSetupUtility.php on line 429
[02-Aug-2013 09:38:15 UTC] PHP Fatal error:  require(): Failed opening required '/var/www/orangehrm-3.1/symfony/plugins/orangehrmLeavePlugin/lib/event/LeaveEvents.php' (include_path='.:/usr/share/php:/usr/share/pear') in /var/www/symfony/cache/orangehrm/prod/config/config_core_compile.yml.php on line 95
[02-Aug-2013 09:38:20 UTC] PHP Fatal error:  require(): Failed opening required '/var/www/orangehrm-3.1/symfony/plugins/orangehrmLeavePlugin/lib/event/LeaveEvents.php' (include_path='.:/usr/share/php:/usr/share/pear') in /var/www/symfony/cache/orangehrm/prod/config/config_core_compile.yml.php on line 95
[02-Aug-2013 09:39:20 UTC] PHP Fatal error:  require(): Failed opening required '/var/www/orangehrm-3.1/symfony/plugins/orangehrmLeavePlugin/lib/event/LeaveEvents.php' (include_path='.:/usr/share/php:/usr/share/pear') in /var/www/symfony/cache/orangehrm/prod/config/config_core_compile.yml.php on line 95
[02-Aug-2013 09:39:35 UTC] PHP Fatal error:  require(): Failed opening required '/var/www/orangehrm-3.1/symfony/plugins/orangehrmLeavePlugin/lib/event/LeaveEvents.php' (include_path='.:/usr/share/php:/usr/share/pear') in /var/www/symfony/cache/orangehrm/prod/config/config_core_compile.yml.php on line 95
[02-Aug-2013 09:39:36 UTC] PHP Fatal error:  require(): Failed opening required '/var/www/orangehrm-3.1/symfony/plugins/orangehrmLeavePlugin/lib/event/LeaveEvents.php' (include_path='.:/usr/share/php:/usr/share/pear') in /var/www/symfony/cache/orangehrm/prod/config/config_core_compile.yml.php on line 95
[02-Aug-2013 09:39:38 UTC] PHP Fatal error:  require(): Failed opening required '/var/www/orangehrm-3.1/symfony/plugins/orangehrmLeavePlugin/lib/event/LeaveEvents.php' (include_path='.:/usr/share/php:/usr/share/pear') in /var/www/symfony/cache/orangehrm/prod/config/config_core_compile.yml.php on line 95
[02-Aug-2013 09:39:39 UTC] PHP Fatal error:  require(): Failed opening required '/var/www/orangehrm-3.1/symfony/plugins/orangehrmLeavePlugin/lib/event/LeaveEvents.php' (include_path='.:/usr/share/php:/usr/share/pear') in /var/www/symfony/cache/orangehrm/prod/config/config_core_compile.yml.php on line 95
[02-Aug-2013 09:39:40 UTC] PHP Fatal error:  require(): Failed opening required '/var/www/orangehrm-3.1/symfony/plugins/orangehrmLeavePlugin/lib/event/LeaveEvents.php' (include_path='.:/usr/share/php:/usr/share/pear') in /var/www/symfony/cache/orangehrm/prod/config/config_core_compile.yml.php on line 95
[02-Aug-2013 09:39:41 UTC] PHP Fatal error:  require(): Failed opening required '/var/www/orangehrm-3.1/symfony/plugins/orangehrmLeavePlugin/lib/event/LeaveEvents.php' (include_path='.:/usr/share/php:/usr/share/pear') in /var/www/symfony/cache/orangehrm/prod/config/config_core_compile.yml.php on line 95
[02-Aug-2013 09:39:41 UTC] PHP Fatal error:  require(): Failed opening required '/var/www/orangehrm-3.1/symfony/plugins/orangehrmLeavePlugin/lib/event/LeaveEvents.php' (include_path='.:/usr/share/php:/usr/share/pear') in /var/www/symfony/cache/orangehrm/prod/config/config_core_compile.yml.php on line 95
[02-Aug-2013 09:39:42 UTC] PHP Fatal error:  require(): Failed opening required '/var/www/orangehrm-3.1/symfony/plugins/orangehrmLeavePlugin/lib/event/LeaveEvents.php' (include_path='.:/usr/share/php:/usr/share/pear') in /var/www/symfony/cache/orangehrm/prod/config/config_core_compile.yml.php on line 95
[02-Aug-2013 09:39:48 UTC] PHP Fatal error:  require(): Failed opening required '/var/www/orangehrm-3.1/symfony/plugins/orangehrmLeavePlugin/lib/event/LeaveEvents.php' (include_path='.:/usr/share/php:/usr/share/pear') in /var/www/symfony/cache/orangehrm/prod/config/config_core_compile.yml.php on line 95
[02-Aug-2013 09:39:53 UTC] PHP Fatal error:  require(): Failed opening required '/var/www/orangehrm-3.1/symfony/plugins/orangehrmLeavePlugin/lib/event/LeaveEvents.php' (include_path='.:/usr/share/php:/usr/share/pear') in /var/www/symfony/cache/orangehrm/prod/config/config_core_compile.yml.php on line 95
[02-Aug-2013 09:39:55 UTC] PHP Fatal error:  require(): Failed opening required '/var/www/orangehrm-3.1/symfony/plugins/orangehrmLeavePlugin/lib/event/LeaveEvents.php' (include_path='.:/usr/share/php:/usr/share/pear') in /var/www/symfony/cache/orangehrm/prod/config/config_core_compile.yml.php on line 95
[02-Aug-2013 09:40:08 UTC] PHP Fatal error:  require(): Failed opening required '/var/www/orangehrm-3.1/symfony/plugins/orangehrmLeavePlugin/lib/event/LeaveEvents.php' (include_path='.:/usr/share/php:/usr/share/pear') in /var/www/symfony/cache/orangehrm/prod/config/config_core_compile.yml.php on line 95
[02-Aug-2013 09:40:09 UTC] PHP Fatal error:  require(): Failed opening required '/var/www/orangehrm-3.1/symfony/plugins/orangehrmLeavePlugin/lib/event/LeaveEvents.php' (include_path='.:/usr/share/php:/usr/share/pear') in /var/www/symfony/cache/orangehrm/prod/config/config_core_compile.yml.php on line 95
[02-Aug-2013 09:40:47 UTC] PHP Fatal error:  require(): Failed opening required '/var/www/orangehrm-3.1/symfony/plugins/orangehrmLeavePlugin/lib/event/LeaveEvents.php' (include_path='.:/usr/share/php:/usr/share/pear') in /var/www/symfony/cache/orangehrm/prod/config/config_core_compile.yml.php on line 95
[05-Aug-2013 10:58:55 UTC] Empty module and/or action after parsing the URL "/pim/blank.gif" (/).
[05-Aug-2013 10:59:01 UTC] Empty module and/or action after parsing the URL "/pim/blank.gif" (/).
[05-Aug-2013 10:59:01 UTC] Empty module and/or action after parsing the URL "/pim/blank.gif" (/).
[05-Aug-2013 10:59:02 UTC] Empty module and/or action after parsing the URL "/pim/blank.gif" (/).
[14-Aug-2013 07:17:56 UTC] PHP Fatal error:  require(): Failed opening required '/var/www/orangehrm-3.1/symfony/plugins/orangehrmLeavePlugin/lib/event/LeaveEvents.php' (include_path='.:/usr/share/php:/usr/share/pear') in /var/www/justrecruit/symfony/cache/orangehrm/prod/config/config_core_compile.yml.php on line 95
[14-Aug-2013 07:18:00 UTC] PHP Fatal error:  require(): Failed opening required '/var/www/orangehrm-3.1/symfony/plugins/orangehrmLeavePlugin/lib/event/LeaveEvents.php' (include_path='.:/usr/share/php:/usr/share/pear') in /var/www/justrecruit/symfony/cache/orangehrm/prod/config/config_core_compile.yml.php on line 95
[14-Aug-2013 07:18:04 UTC] PHP Fatal error:  require(): Failed opening required '/var/www/orangehrm-3.1/symfony/plugins/orangehrmLeavePlugin/lib/event/LeaveEvents.php' (include_path='.:/usr/share/php:/usr/share/pear') in /var/www/justrecruit/symfony/cache/orangehrm/prod/config/config_core_compile.yml.php on line 95
[14-Aug-2013 07:18:19 UTC] PHP Fatal error:  require(): Failed opening required '/var/www/orangehrm-3.1/symfony/plugins/orangehrmLeavePlugin/lib/event/LeaveEvents.php' (include_path='.:/usr/share/php:/usr/share/pear') in /var/www/justrecruit/symfony/cache/orangehrm/prod/config/config_core_compile.yml.php on line 95
[14-Aug-2013 07:18:55 UTC] PHP Fatal error:  require(): Failed opening required '/var/www/orangehrm-3.1/symfony/plugins/orangehrmLeavePlugin/lib/event/LeaveEvents.php' (include_path='.:/usr/share/php:/usr/share/pear') in /var/www/justrecruit/symfony/cache/orangehrm/prod/config/config_core_compile.yml.php on line 95
[14-Aug-2013 07:19:06 UTC] PHP Fatal error:  require(): Failed opening required '/var/www/orangehrm-3.1/symfony/plugins/orangehrmLeavePlugin/lib/event/LeaveEvents.php' (include_path='.:/usr/share/php:/usr/share/pear') in /var/www/justrecruit/symfony/cache/orangehrm/prod/config/config_core_compile.yml.php on line 95
[14-Aug-2013 07:20:44 UTC] PHP Fatal error:  require(): Failed opening required '/var/www/orangehrm-3.1/symfony/plugins/orangehrmLeavePlugin/lib/event/LeaveEvents.php' (include_path='.:/usr/share/php:/usr/share/pear') in /var/www/justrecruit/symfony/cache/orangehrm/prod/config/config_core_compile.yml.php on line 95
[14-Aug-2013 07:20:58 UTC] PHP Fatal error:  require(): Failed opening required '/var/www/orangehrm-3.1/symfony/plugins/orangehrmLeavePlugin/lib/event/LeaveEvents.php' (include_path='.:/usr/share/php:/usr/share/pear') in /var/www/justrecruit/symfony/cache/orangehrm/prod/config/config_core_compile.yml.php on line 95
[14-Aug-2013 07:24:40 UTC] PHP Fatal error:  require(): Failed opening required '/var/www/orangehrm-3.1/symfony/plugins/orangehrmLeavePlugin/lib/event/LeaveEvents.php' (include_path='.:/usr/share/php:/usr/share/pear') in /var/www/justrecruit/symfony/cache/orangehrm/prod/config/config_core_compile.yml.php on line 95
